<?xml version="1.0" encoding="UTF-8"?>
<testsuite xmlns:xsi="http://www.w3.org/2001/XMLSchema-instance" xsi:noNamespaceSchemaLocation="https://maven.apache.org/surefire/maven-surefire-plugin/xsd/surefire-test-report.xsd" name="com.report.testng.allure.TestNGWithAllure" time="1.958" tests="2" errors="0" skipped="0" failures="0">
  <properties>
    <property name="sun.desktop" value="windows"/>
    <property name="awt.toolkit" value="sun.awt.windows.WToolkit"/>
    <property name="file.encoding.pkg" value="sun.io"/>
    <property name="java.specification.version" value="1.8"/>
    <property name="sun.cpu.isalist" value="amd64"/>
    <property name="sun.jnu.encoding" value="GBK"/>
    <property name="java.class.path" value="F:\Programing\IdeaProjects\java2020-report-code\01-testng-allure\target\test-classes;F:\Programing\IdeaProjects\java2020-report-code\01-testng-allure\target\classes;F:\Programing\Maven\apache-maven-3.6.2\repository\org\testng\testng\7.0.0\testng-7.0.0.jar;F:\Programing\Maven\apache-maven-3.6.2\repository\com\beust\jcommander\1.72\jcommander-1.72.jar;F:\Programing\Maven\apache-maven-3.6.2\repository\io\qameta\allure\allure-testng\2.13.1\allure-testng-2.13.1.jar;F:\Programing\Maven\apache-maven-3.6.2\repository\io\qameta\allure\allure-java-commons\2.13.1\allure-java-commons-2.13.1.jar;F:\Programing\Maven\apache-maven-3.6.2\repository\io\qameta\allure\allure-model\2.13.1\allure-model-2.13.1.jar;F:\Programing\Maven\apache-maven-3.6.2\repository\org\slf4j\slf4j-api\1.7.25\slf4j-api-1.7.25.jar;F:\Programing\Maven\apache-maven-3.6.2\repository\com\fasterxml\jackson\core\jackson-databind\2.9.8\jackson-databind-2.9.8.jar;F:\Programing\Maven\apache-maven-3.6.2\repository\com\fasterxml\jackson\core\jackson-annotations\2.9.0\jackson-annotations-2.9.0.jar;F:\Programing\Maven\apache-maven-3.6.2\repository\com\fasterxml\jackson\core\jackson-core\2.9.8\jackson-core-2.9.8.jar;F:\Programing\Maven\apache-maven-3.6.2\repository\org\apache\tika\tika-core\1.20\tika-core-1.20.jar;F:\Programing\Maven\apache-maven-3.6.2\repository\org\jooq\joor-java-8\0.9.10\joor-java-8-0.9.10.jar;"/>
    <property name="java.vm.vendor" value="Oracle Corporation"/>
    <property name="sun.arch.data.model" value="64"/>
    <property name="user.variant" value=""/>
    <property name="java.vendor.url" value="http://java.oracle.com/"/>
    <property name="user.timezone" value="Asia/Shanghai"/>
    <property name="java.vm.specification.version" value="1.8"/>
    <property name="os.name" value="Windows 10"/>
    <property name="user.country" value="CN"/>
    <property name="sun.java.launcher" value="SUN_STANDARD"/>
    <property name="sun.boot.library.path" value="F:\Programing\java\jdk\jre\bin"/>
    <property name="sun.java.command" value="C:\Users\666\AppData\Local\Temp\surefire4671185538908026615\surefirebooter2473068243250635093.jar C:\Users\666\AppData\Local\Temp\surefire4671185538908026615 2020-09-22T12-13-06_056-jvmRun1 surefire1513410787647042244tmp surefire_06069960448122228714tmp"/>
    <property name="surefire.test.class.path" value="F:\Programing\IdeaProjects\java2020-report-code\01-testng-allure\target\test-classes;F:\Programing\IdeaProjects\java2020-report-code\01-testng-allure\target\classes;F:\Programing\Maven\apache-maven-3.6.2\repository\org\testng\testng\7.0.0\testng-7.0.0.jar;F:\Programing\Maven\apache-maven-3.6.2\repository\com\beust\jcommander\1.72\jcommander-1.72.jar;F:\Programing\Maven\apache-maven-3.6.2\repository\io\qameta\allure\allure-testng\2.13.1\allure-testng-2.13.1.jar;F:\Programing\Maven\apache-maven-3.6.2\repository\io\qameta\allure\allure-java-commons\2.13.1\allure-java-commons-2.13.1.jar;F:\Programing\Maven\apache-maven-3.6.2\repository\io\qameta\allure\allure-model\2.13.1\allure-model-2.13.1.jar;F:\Programing\Maven\apache-maven-3.6.2\repository\org\slf4j\slf4j-api\1.7.25\slf4j-api-1.7.25.jar;F:\Programing\Maven\apache-maven-3.6.2\repository\com\fasterxml\jackson\core\jackson-databind\2.9.8\jackson-databind-2.9.8.jar;F:\Programing\Maven\apache-maven-3.6.2\repository\com\fasterxml\jackson\core\jackson-annotations\2.9.0\jackson-annotations-2.9.0.jar;F:\Programing\Maven\apache-maven-3.6.2\repository\com\fasterxml\jackson\core\jackson-core\2.9.8\jackson-core-2.9.8.jar;F:\Programing\Maven\apache-maven-3.6.2\repository\org\apache\tika\tika-core\1.20\tika-core-1.20.jar;F:\Programing\Maven\apache-maven-3.6.2\repository\org\jooq\joor-java-8\0.9.10\joor-java-8-0.9.10.jar;"/>
    <property name="sun.cpu.endian" value="little"/>
    <property name="user.home" value="C:\Users\666"/>
    <property name="user.language" value="zh"/>
    <property name="java.specification.vendor" value="Oracle Corporation"/>
    <property name="java.home" value="F:\Programing\java\jdk\jre"/>
    <property name="basedir" value="F:\Programing\IdeaProjects\java2020-report-code\01-testng-allure"/>
    <property name="file.separator" value="\"/>
    <property name="line.separator" value="&#10;"/>
    <property name="java.vm.specification.vendor" value="Oracle Corporation"/>
    <property name="java.specification.name" value="Java Platform API Specification"/>
    <property name="java.awt.graphicsenv" value="sun.awt.Win32GraphicsEnvironment"/>
    <property name="surefire.real.class.path" value="C:\Users\666\AppData\Local\Temp\surefire4671185538908026615\surefirebooter2473068243250635093.jar;F:\Programing\Maven\apache-maven-3.6.2\repository/org/aspectj/aspectjweaver/1.9.5/aspectjweaver-1.9.5.jar"/>
    <property name="sun.boot.class.path" value="F:\Programing\java\jdk\jre\lib\resources.jar;F:\Programing\java\jdk\jre\lib\rt.jar;F:\Programing\java\jdk\jre\lib\sunrsasign.jar;F:\Programing\java\jdk\jre\lib\jsse.jar;F:\Programing\java\jdk\jre\lib\jce.jar;F:\Programing\java\jdk\jre\lib\charsets.jar;F:\Programing\java\jdk\jre\lib\jfr.jar;F:\Programing\java\jdk\jre\classes"/>
    <property name="user.script" value=""/>
    <property name="sun.management.compiler" value="HotSpot 64-Bit Tiered Compilers"/>
    <property name="java.runtime.version" value="1.8.0_144-b01"/>
    <property name="user.name" value="Silence"/>
    <property name="path.separator" value=";"/>
    <property name="os.version" value="10.0"/>
    <property name="java.endorsed.dirs" value="F:\Programing\java\jdk\jre\lib\endorsed"/>
    <property name="java.runtime.name" value="Java(TM) SE Runtime Environment"/>
    <property name="file.encoding" value="GBK"/>
    <property name="java.vm.name" value="Java HotSpot(TM) 64-Bit Server VM"/>
    <property name="localRepository" value="F:\Programing\Maven\apache-maven-3.6.2\repository"/>
    <property name="java.vendor.url.bug" value="http://bugreport.sun.com/bugreport/"/>
    <property name="java.io.tmpdir" value="C:\Users\666\AppData\Local\Temp\"/>
    <property name="java.version" value="1.8.0_144"/>
    <property name="user.dir" value="F:\Programing\IdeaProjects\java2020-report-code\01-testng-allure"/>
    <property name="os.arch" value="amd64"/>
    <property name="java.vm.specification.name" value="Java Virtual Machine Specification"/>
    <property name="java.awt.printerjob" value="sun.awt.windows.WPrinterJob"/>
    <property name="sun.os.patch.level" value=""/>
    <property name="java.library.path" value="F:\Programing\java\jdk\jre\bin;C:\WINDOWS\Sun\Java\bin;C:\WINDOWS\system32;C:\WINDOWS;C:\Windows\system32;C:\Windows;C:\Windows\System32\Wbem;C:\Windows\System32\WindowsPowerShell\v1.0\;C:\Windows\System32\OpenSSH\;C:\Program Files (x86)\Intel\Intel(R) Management Engine Components\DAL;C:\Program Files\Intel\Intel(R) Management Engine Components\DAL;C:\Program Files\NVIDIA Corporation\NVIDIA NGX;C:\Program Files (x86)\NVIDIA Corporation\PhysX\Common;F:\Programing\java\jdk\bin;F:\Programing\Git\Git\cmd;F:\Programing\MySQL\mysql-5.6.46\bin;F:\Programing\Maven\apache-maven-3.6.2\bin;F:\Programing\Redis\redis-2.8.9;F:\Programing\MySQL\bin;F:\Programing\JMeter\apache-jmeter-5.1.1\bin;C:\Program Files\Pandoc\;F:\Programing\Nodejs\npm_modules;F:\Programing\Nodejs\;C:\WINDOWS\system32;C:\WINDOWS;C:\WINDOWS\System32\Wbem;C:\WINDOWS\System32\WindowsPowerShell\v1.0\;C:\WINDOWS\System32\OpenSSH\;&quot;F:\Programing\Android\android-sdk\API-30\platform-tools;F:\Programing\Android\android-sdk\API-30\tools;&quot;;F:\Programing\Android\android-sdk\API-30\platform-tools;F:\Driver;F:\Programing\Allure\allure-2.13.5\bin;C:\Users\666\AppData\Local\Microsoft\WindowsApps;;F:\Programing\PyCharm\PyCharm 2019.2.3\bin;;C:\Users\666\AppData\Roaming\npm;."/>
    <property name="java.vm.info" value="mixed mode"/>
    <property name="java.vendor" value="Oracle Corporation"/>
    <property name="java.vm.version" value="25.144-b01"/>
    <property name="java.ext.dirs" value="F:\Programing\java\jdk\jre\lib\ext;C:\WINDOWS\Sun\Java\lib\ext"/>
    <property name="sun.io.unicode.encoding" value="UnicodeLittle"/>
    <property name="java.class.version" value="52.0"/>
  </properties>
  <testcase name="testCase_001" classname="com.report.testng.allure.TestNGWithAllure" time="0.083"/>
  <testcase name="testCase_002" classname="com.report.testng.allure.TestNGWithAllure" time="0.013"/>
</testsuite>