<?xml version="1.0" encoding="UTF-8"?>
<!-- Generated by org.testng.reporters.JUnitReportReporter -->
<testsuite skipped="0" hostname="DESKTOP-NK03837" name="com.report.testng.allure.TestNGWithAllure" tests="2" failures="0" timestamp="2020-09-22T12:13:09 CST" time="0.080" errors="0">
  <testcase name="testCase_002" time="0.002" classname="com.report.testng.allure.TestNGWithAllure"/>
  <testcase name="testCase_001" time="0.078" classname="com.report.testng.allure.TestNGWithAllure"/>
</testsuite> <!-- com.report.testng.allure.TestNGWithAllure -->
